<?xml version="1.0" encoding="UTF-8"?>
<!DOCTYPE JobConfiguration PUBLIC "" "JobConfig.dtd">
<JobConfiguration JobName="ExampleCycleJob" OutputLevel="INFO">
    <Library Name="libTestSUHH2core"/>
    <Package Name="TestSUHH2core.par" />

   <!-- <Cycle Name="uhh2::AnalysisModuleRunner" OutputDirectory="./" PostFix="" TargetLumi="1" > -->
   <Cycle Name="uhh2::AnalysisModuleRunner"  RunMode="PROOF" ProofServer="lite://"  ProofWorkDir="/nfs/dust/cms/user/ottjoc/proof-wd/" ProofNodes="2" OutputDirectory="./" PostFix="" TargetLumi="1" > 
        <InputData Lumi="92270" NEventsMax="-1" Type="MC" Version="TestB-proof" Cacheable="False">
            <In FileName="/nfs/dust/cms/user/ottjoc/gc-output/PHYS14v1/signals/MC_BpJ_TW_M1200_20x25_17_Ntuple.root" Lumi="0.0"/> 
            <InputTree Name="AnalysisTree" /> 
            <OutputTree Name="AnalysisTree" />
        </InputData>                
            
        <UserConfig> 
            <Item Name="readCommonInfo" Value="False" /> 
            <Item Name="AnalysisModule" Value="MetaDataB" /> 
        </UserConfig>
    </Cycle>
</JobConfiguration>
