<?xml version="1.0" encoding="UTF-8"?>
<!DOCTYPE JobConfiguration PUBLIC "" "JobConfig.dtd">
<JobConfiguration JobName="ExampleCycleJob" OutputLevel="INFO">
    <Library Name="libTestSUHH2core"/>
    <!-- <Package Name="SUHH2examples.par" /> -->

   <Cycle Name="uhh2::AnalysisModuleRunner" OutputDirectory="./" PostFix="" TargetLumi="1" >
       <!-- <Cycle Name="uhh2::AnalysisModuleRunner"  RunMode="PROOF" ProofServer="lite://"  ProofWorkDir="/nfs/dust/cms/user/ottjoc/proof-wd/" ProofNodes="2" OutputDirectory="./" PostFix="" TargetLumi="1" > -->
        <InputData Lumi="92270" NEventsMax="10000" Type="MC" Version="TTbar" Cacheable="False">
            <In FileName="/nfs/dust/cms/user/ottjoc/gc-output/PHYS14v1/signals/MC_BpJ_TW_M1200_20x25_17_Ntuple.root" Lumi="0.0"/>
            <In FileName="/nfs/dust/cms/user/ottjoc/gc-output/PHYS14v1/signals/MC_BpJ_TW_M1200_20x25_18_Ntuple.root" Lumi="0.0"/>
            <InputTree Name="AnalysisTree" /> 
            <OutputTree Name="AnalysisTree" />
        </InputData>                
            
        <UserConfig>
            <Item Name="PrimaryVertexCollection" Value="offlineSlimmedPrimaryVertices" /> 
            <Item Name="ElectronCollection" Value="slimmedElectrons" />
            <Item Name="MuonCollection" Value="slimmedMuons" /> 
            <Item Name="TauCollection" Value="slimmedTaus" />
            <!-- <Item Name="PhotonCollection" Value="slimmedPhotons" /> -->
            <Item Name="JetCollection" Value="slimmedJets" />
            <Item Name="TopJetCollection" Value="patJetsCMSTopTagCHSPacked" />
            <Item Name="METName" Value="slimmedMETs" />
            
            <Item Name="GenParticleCollection" Value="GenParticles" />
            
            <Item Name="readTrigger" Value="false" />
            
            <Item Name="AnalysisModule" Value="NoopAnalysisModule" />
        </UserConfig>
    </Cycle>
</JobConfiguration>
